{"/home/abouda/Desktop/learn/node/task/app.js": {"path":"/home/abouda/Desktop/learn/node/task/app.js","statementMap":{"0":{"start":{"line":1,"column":14},"end":{"line":1,"column":32}},"1":{"start":{"line":2,"column":11},"end":{"line":2,"column":26}},"2":{"start":{"line":3,"column":19},"end":{"line":3,"column":43}},"3":{"start":{"line":4,"column":13},"end":{"line":4,"column":30}},"4":{"start":{"line":5,"column":19},"end":{"line":5,"column":43}},"5":{"start":{"line":6,"column":14},"end":{"line":6,"column":40}},"6":{"start":{"line":8,"column":18},"end":{"line":8,"column":43}},"7":{"start":{"line":9,"column":18},"end":{"line":9,"column":43}},"8":{"start":{"line":10,"column":17},"end":{"line":10,"column":41}},"9":{"start":{"line":11,"column":20},"end":{"line":11,"column":47}},"10":{"start":{"line":12,"column":24},"end":{"line":12,"column":54}},"11":{"start":{"line":13,"column":18},"end":{"line":13,"column":46}},"12":{"start":{"line":14,"column":13},"end":{"line":14,"column":41}},"13":{"start":{"line":15,"column":25},"end":{"line":15,"column":59}},"14":{"start":{"line":16,"column":26},"end":{"line":16,"column":67}},"15":{"start":{"line":17,"column":19},"end":{"line":17,"column":46}},"16":{"start":{"line":20,"column":10},"end":{"line":20,"column":19}},"17":{"start":{"line":21,"column":0},"end":{"line":21,"column":27}},"18":{"start":{"line":25,"column":0},"end":{"line":25,"column":48}},"19":{"start":{"line":26,"column":0},"end":{"line":26,"column":31}},"20":{"start":{"line":28,"column":0},"end":{"line":28,"column":23}},"21":{"start":{"line":29,"column":0},"end":{"line":29,"column":24}},"22":{"start":{"line":30,"column":0},"end":{"line":30,"column":49}},"23":{"start":{"line":31,"column":0},"end":{"line":31,"column":24}},"24":{"start":{"line":32,"column":0},"end":{"line":32,"column":56}},"25":{"start":{"line":33,"column":0},"end":{"line":33,"column":24}},"26":{"start":{"line":34,"column":0},"end":{"line":39,"column":3}},"27":{"start":{"line":41,"column":0},"end":{"line":41,"column":26}},"28":{"start":{"line":42,"column":0},"end":{"line":42,"column":54}},"29":{"start":{"line":43,"column":0},"end":{"line":43,"column":58}},"30":{"start":{"line":44,"column":0},"end":{"line":44,"column":33}},"31":{"start":{"line":48,"column":0},"end":{"line":48,"column":32}},"32":{"start":{"line":51,"column":0},"end":{"line":51,"column":37}},"33":{"start":{"line":53,"column":0},"end":{"line":53,"column":21}},"34":{"start":{"line":55,"column":0},"end":{"line":55,"column":17}},"35":{"start":{"line":56,"column":0},"end":{"line":56,"column":36}},"36":{"start":{"line":57,"column":0},"end":{"line":57,"column":23}}},"fnMap":{},"branchMap":{},"s":{"0":1,"1":1,"2":1,"3":1,"4":1,"5":1,"6":1,"7":1,"8":1,"9":1,"10":1,"11":1,"12":1,"13":1,"14":1,"15":1,"16":1,"17":1,"18":1,"19":1,"20":1,"21":1,"22":1,"23":1,"24":1,"25":1,"26":1,"27":1,"28":1,"29":1,"30":1,"31":1,"32":1,"33":1,"34":1,"35":1,"36":1},"f":{},"b":{},"_coverageSchema":"1a1c01bbd47fc00a2c39e90264f33305004495a9","hash":"6b384b8caed6ae55ef8f8cdf6e583bda29f04d91"}
,"/home/abouda/Desktop/learn/node/task/controllers/auth.js": {"path":"/home/abouda/Desktop/learn/node/task/controllers/auth.js","statementMap":{"0":{"start":{"line":1,"column":13},"end":{"line":1,"column":38}},"1":{"start":{"line":2,"column":15},"end":{"line":2,"column":32}},"2":{"start":{"line":3,"column":12},"end":{"line":3,"column":35}},"3":{"start":{"line":4,"column":0},"end":{"line":4,"column":27}},"4":{"start":{"line":5,"column":16},"end":{"line":5,"column":45}},"5":{"start":{"line":6,"column":29},"end":{"line":6,"column":57}},"6":{"start":{"line":8,"column":0},"end":{"line":8,"column":27}},"7":{"start":{"line":10,"column":0},"end":{"line":42,"column":1}},"8":{"start":{"line":12,"column":19},"end":{"line":12,"column":40}},"9":{"start":{"line":13,"column":4},"end":{"line":15,"column":5}},"10":{"start":{"line":14,"column":8},"end":{"line":14,"column":56}},"11":{"start":{"line":16,"column":4},"end":{"line":41,"column":5}},"12":{"start":{"line":17,"column":36},"end":{"line":17,"column":44}},"13":{"start":{"line":18,"column":21},"end":{"line":18,"column":68}},"14":{"start":{"line":20,"column":8},"end":{"line":37,"column":9}},"15":{"start":{"line":22,"column":12},"end":{"line":24,"column":13}},"16":{"start":{"line":23,"column":16},"end":{"line":23,"column":78}},"17":{"start":{"line":25,"column":26},"end":{"line":29,"column":13}},"18":{"start":{"line":31,"column":12},"end":{"line":31,"column":31}},"19":{"start":{"line":32,"column":12},"end":{"line":32,"column":24}},"20":{"start":{"line":34,"column":12},"end":{"line":36,"column":15}},"21":{"start":{"line":38,"column":8},"end":{"line":38,"column":59}},"22":{"start":{"line":40,"column":8},"end":{"line":40,"column":25}},"23":{"start":{"line":44,"column":0},"end":{"line":74,"column":1}},"24":{"start":{"line":45,"column":19},"end":{"line":45,"column":40}},"25":{"start":{"line":46,"column":4},"end":{"line":48,"column":5}},"26":{"start":{"line":47,"column":8},"end":{"line":47,"column":56}},"27":{"start":{"line":50,"column":4},"end":{"line":73,"column":5}},"28":{"start":{"line":51,"column":42},"end":{"line":51,"column":50}},"29":{"start":{"line":53,"column":8},"end":{"line":53,"column":60}},"30":{"start":{"line":55,"column":21},"end":{"line":59,"column":10}},"31":{"start":{"line":61,"column":8},"end":{"line":61,"column":65}},"32":{"start":{"line":62,"column":8},"end":{"line":62,"column":20}},"33":{"start":{"line":63,"column":8},"end":{"line":68,"column":62}},"34":{"start":{"line":69,"column":8},"end":{"line":69,"column":64}},"35":{"start":{"line":72,"column":8},"end":{"line":72,"column":25}},"36":{"start":{"line":76,"column":0},"end":{"line":87,"column":1}},"37":{"start":{"line":77,"column":15},"end":{"line":77,"column":84}},"38":{"start":{"line":78,"column":4},"end":{"line":80,"column":5}},"39":{"start":{"line":79,"column":8},"end":{"line":79,"column":60}},"40":{"start":{"line":81,"column":4},"end":{"line":83,"column":5}},"41":{"start":{"line":82,"column":8},"end":{"line":82,"column":70}},"42":{"start":{"line":84,"column":4},"end":{"line":84,"column":23}},"43":{"start":{"line":85,"column":4},"end":{"line":85,"column":16}},"44":{"start":{"line":86,"column":4},"end":{"line":86,"column":30}}},"fnMap":{"0":{"name":"(anonymous_0)","decl":{"start":{"line":10,"column":16},"end":{"line":10,"column":17}},"loc":{"start":{"line":10,"column":41},"end":{"line":42,"column":1}},"line":10},"1":{"name":"(anonymous_1)","decl":{"start":{"line":44,"column":19},"end":{"line":44,"column":20}},"loc":{"start":{"line":44,"column":44},"end":{"line":74,"column":1}},"line":44},"2":{"name":"(anonymous_2)","decl":{"start":{"line":76,"column":17},"end":{"line":76,"column":18}},"loc":{"start":{"line":76,"column":42},"end":{"line":87,"column":1}},"line":76}},"branchMap":{"0":{"loc":{"start":{"line":13,"column":4},"end":{"line":15,"column":5}},"type":"if","locations":[{"start":{"line":13,"column":4},"end":{"line":15,"column":5}},{"start":{},"end":{}}],"line":13},"1":{"loc":{"start":{"line":20,"column":8},"end":{"line":37,"column":9}},"type":"if","locations":[{"start":{"line":20,"column":8},"end":{"line":37,"column":9}},{"start":{},"end":{}}],"line":20},"2":{"loc":{"start":{"line":20,"column":12},"end":{"line":20,"column":67}},"type":"binary-expr","locations":[{"start":{"line":20,"column":12},"end":{"line":20,"column":16}},{"start":{"line":20,"column":21},"end":{"line":20,"column":66}}],"line":20},"3":{"loc":{"start":{"line":22,"column":12},"end":{"line":24,"column":13}},"type":"if","locations":[{"start":{"line":22,"column":12},"end":{"line":24,"column":13}},{"start":{},"end":{}}],"line":22},"4":{"loc":{"start":{"line":46,"column":4},"end":{"line":48,"column":5}},"type":"if","locations":[{"start":{"line":46,"column":4},"end":{"line":48,"column":5}},{"start":{},"end":{}}],"line":46},"5":{"loc":{"start":{"line":64,"column":63},"end":{"line":64,"column":89}},"type":"binary-expr","locations":[{"start":{"line":64,"column":63},"end":{"line":64,"column":79}},{"start":{"line":64,"column":83},"end":{"line":64,"column":89}}],"line":64},"6":{"loc":{"start":{"line":78,"column":4},"end":{"line":80,"column":5}},"type":"if","locations":[{"start":{"line":78,"column":4},"end":{"line":80,"column":5}},{"start":{},"end":{}}],"line":78},"7":{"loc":{"start":{"line":81,"column":4},"end":{"line":83,"column":5}},"type":"if","locations":[{"start":{"line":81,"column":4},"end":{"line":83,"column":5}},{"start":{},"end":{}}],"line":81}},"s":{"0":1,"1":1,"2":1,"3":1,"4":1,"5":1,"6":1,"7":1,"8":1,"9":1,"10":0,"11":1,"12":1,"13":1,"14":1,"15":1,"16":0,"17":1,"18":1,"19":1,"20":1,"21":0,"22":0,"23":1,"24":0,"25":0,"26":0,"27":0,"28":0,"29":0,"30":0,"31":0,"32":0,"33":0,"34":0,"35":0,"36":1,"37":0,"38":0,"39":0,"40":0,"41":0,"42":0,"43":0,"44":0},"f":{"0":1,"1":0,"2":0},"b":{"0":[0,1],"1":[1,0],"2":[1,1],"3":[0,1],"4":[0,0],"5":[0,0],"6":[0,0],"7":[0,0]},"_coverageSchema":"1a1c01bbd47fc00a2c39e90264f33305004495a9","hash":"aaa56872e9e60c82d7418410ef1041588b373720"}
,"/home/abouda/Desktop/learn/node/task/controllers/domain.js": {"path":"/home/abouda/Desktop/learn/node/task/controllers/domain.js","statementMap":{"0":{"start":{"line":1,"column":15},"end":{"line":1,"column":42}},"1":{"start":{"line":2,"column":23},"end":{"line":2,"column":58}},"2":{"start":{"line":3,"column":29},"end":{"line":3,"column":57}},"3":{"start":{"line":4,"column":16},"end":{"line":4,"column":45}},"4":{"start":{"line":6,"column":0},"end":{"line":13,"column":1}},"5":{"start":{"line":8,"column":20},"end":{"line":8,"column":47}},"6":{"start":{"line":9,"column":4},"end":{"line":12,"column":7}},"7":{"start":{"line":15,"column":0},"end":{"line":41,"column":1}},"8":{"start":{"line":17,"column":19},"end":{"line":17,"column":40}},"9":{"start":{"line":18,"column":4},"end":{"line":20,"column":5}},"10":{"start":{"line":19,"column":8},"end":{"line":19,"column":56}},"11":{"start":{"line":22,"column":20},"end":{"line":22,"column":39}},"12":{"start":{"line":23,"column":4},"end":{"line":39,"column":10}},"13":{"start":{"line":24,"column":12},"end":{"line":29,"column":13}},"14":{"start":{"line":25,"column":16},"end":{"line":28,"column":19}},"15":{"start":{"line":30,"column":12},"end":{"line":33,"column":15}},"16":{"start":{"line":36,"column":12},"end":{"line":38,"column":15}},"17":{"start":{"line":43,"column":0},"end":{"line":66,"column":1}},"18":{"start":{"line":45,"column":19},"end":{"line":45,"column":40}},"19":{"start":{"line":46,"column":4},"end":{"line":48,"column":5}},"20":{"start":{"line":47,"column":8},"end":{"line":47,"column":56}},"21":{"start":{"line":50,"column":17},"end":{"line":50,"column":58}},"22":{"start":{"line":51,"column":4},"end":{"line":56,"column":5}},"23":{"start":{"line":52,"column":8},"end":{"line":55,"column":11}},"24":{"start":{"line":57,"column":4},"end":{"line":60,"column":7}},"25":{"start":{"line":61,"column":4},"end":{"line":64,"column":7}},"26":{"start":{"line":68,"column":0},"end":{"line":89,"column":1}},"27":{"start":{"line":70,"column":19},"end":{"line":70,"column":40}},"28":{"start":{"line":71,"column":4},"end":{"line":73,"column":5}},"29":{"start":{"line":72,"column":8},"end":{"line":72,"column":56}},"30":{"start":{"line":75,"column":4},"end":{"line":88,"column":6}},"31":{"start":{"line":80,"column":8},"end":{"line":83,"column":11}},"32":{"start":{"line":85,"column":8},"end":{"line":87,"column":11}},"33":{"start":{"line":91,"column":0},"end":{"line":118,"column":1}},"34":{"start":{"line":93,"column":19},"end":{"line":93,"column":40}},"35":{"start":{"line":94,"column":4},"end":{"line":96,"column":5}},"36":{"start":{"line":95,"column":8},"end":{"line":95,"column":56}},"37":{"start":{"line":98,"column":20},"end":{"line":98,"column":38}},"38":{"start":{"line":100,"column":4},"end":{"line":117,"column":10}},"39":{"start":{"line":101,"column":12},"end":{"line":106,"column":13}},"40":{"start":{"line":102,"column":16},"end":{"line":105,"column":19}},"41":{"start":{"line":107,"column":12},"end":{"line":107,"column":29}},"42":{"start":{"line":108,"column":12},"end":{"line":111,"column":15}},"43":{"start":{"line":114,"column":12},"end":{"line":116,"column":15}},"44":{"start":{"line":120,"column":0},"end":{"line":134,"column":1}},"45":{"start":{"line":121,"column":26},"end":{"line":128,"column":6}},"46":{"start":{"line":130,"column":4},"end":{"line":133,"column":7}},"47":{"start":{"line":136,"column":0},"end":{"line":156,"column":1}},"48":{"start":{"line":137,"column":19},"end":{"line":137,"column":40}},"49":{"start":{"line":138,"column":4},"end":{"line":140,"column":5}},"50":{"start":{"line":139,"column":8},"end":{"line":139,"column":56}},"51":{"start":{"line":142,"column":17},"end":{"line":142,"column":58}},"52":{"start":{"line":143,"column":4},"end":{"line":148,"column":5}},"53":{"start":{"line":144,"column":8},"end":{"line":147,"column":11}},"54":{"start":{"line":149,"column":4},"end":{"line":151,"column":7}},"55":{"start":{"line":152,"column":4},"end":{"line":155,"column":7}}},"fnMap":{"0":{"name":"(anonymous_0)","decl":{"start":{"line":6,"column":15},"end":{"line":6,"column":16}},"loc":{"start":{"line":6,"column":40},"end":{"line":13,"column":1}},"line":6},"1":{"name":"(anonymous_1)","decl":{"start":{"line":15,"column":15},"end":{"line":15,"column":16}},"loc":{"start":{"line":15,"column":35},"end":{"line":41,"column":1}},"line":15},"2":{"name":"(anonymous_2)","decl":{"start":{"line":23,"column":36},"end":{"line":23,"column":37}},"loc":{"start":{"line":23,"column":46},"end":{"line":34,"column":9}},"line":23},"3":{"name":"(anonymous_3)","decl":{"start":{"line":35,"column":15},"end":{"line":35,"column":16}},"loc":{"start":{"line":35,"column":22},"end":{"line":39,"column":9}},"line":35},"4":{"name":"(anonymous_4)","decl":{"start":{"line":43,"column":17},"end":{"line":43,"column":18}},"loc":{"start":{"line":43,"column":42},"end":{"line":66,"column":1}},"line":43},"5":{"name":"(anonymous_5)","decl":{"start":{"line":68,"column":17},"end":{"line":68,"column":18}},"loc":{"start":{"line":68,"column":37},"end":{"line":89,"column":1}},"line":68},"6":{"name":"(anonymous_6)","decl":{"start":{"line":79,"column":12},"end":{"line":79,"column":13}},"loc":{"start":{"line":79,"column":22},"end":{"line":84,"column":5}},"line":79},"7":{"name":"(anonymous_7)","decl":{"start":{"line":84,"column":13},"end":{"line":84,"column":14}},"loc":{"start":{"line":84,"column":20},"end":{"line":88,"column":5}},"line":84},"8":{"name":"(anonymous_8)","decl":{"start":{"line":91,"column":17},"end":{"line":91,"column":18}},"loc":{"start":{"line":91,"column":37},"end":{"line":118,"column":1}},"line":91},"9":{"name":"(anonymous_9)","decl":{"start":{"line":100,"column":36},"end":{"line":100,"column":37}},"loc":{"start":{"line":100,"column":46},"end":{"line":112,"column":9}},"line":100},"10":{"name":"(anonymous_10)","decl":{"start":{"line":113,"column":15},"end":{"line":113,"column":16}},"loc":{"start":{"line":113,"column":22},"end":{"line":117,"column":9}},"line":113},"11":{"name":"(anonymous_11)","decl":{"start":{"line":120,"column":19},"end":{"line":120,"column":20}},"loc":{"start":{"line":120,"column":44},"end":{"line":134,"column":1}},"line":120},"12":{"name":"(anonymous_12)","decl":{"start":{"line":136,"column":32},"end":{"line":136,"column":33}},"loc":{"start":{"line":136,"column":57},"end":{"line":156,"column":1}},"line":136}},"branchMap":{"0":{"loc":{"start":{"line":18,"column":4},"end":{"line":20,"column":5}},"type":"if","locations":[{"start":{"line":18,"column":4},"end":{"line":20,"column":5}},{"start":{},"end":{}}],"line":18},"1":{"loc":{"start":{"line":24,"column":12},"end":{"line":29,"column":13}},"type":"if","locations":[{"start":{"line":24,"column":12},"end":{"line":29,"column":13}},{"start":{},"end":{}}],"line":24},"2":{"loc":{"start":{"line":46,"column":4},"end":{"line":48,"column":5}},"type":"if","locations":[{"start":{"line":46,"column":4},"end":{"line":48,"column":5}},{"start":{},"end":{}}],"line":46},"3":{"loc":{"start":{"line":51,"column":4},"end":{"line":56,"column":5}},"type":"if","locations":[{"start":{"line":51,"column":4},"end":{"line":56,"column":5}},{"start":{},"end":{}}],"line":51},"4":{"loc":{"start":{"line":71,"column":4},"end":{"line":73,"column":5}},"type":"if","locations":[{"start":{"line":71,"column":4},"end":{"line":73,"column":5}},{"start":{},"end":{}}],"line":71},"5":{"loc":{"start":{"line":94,"column":4},"end":{"line":96,"column":5}},"type":"if","locations":[{"start":{"line":94,"column":4},"end":{"line":96,"column":5}},{"start":{},"end":{}}],"line":94},"6":{"loc":{"start":{"line":101,"column":12},"end":{"line":106,"column":13}},"type":"if","locations":[{"start":{"line":101,"column":12},"end":{"line":106,"column":13}},{"start":{},"end":{}}],"line":101},"7":{"loc":{"start":{"line":138,"column":4},"end":{"line":140,"column":5}},"type":"if","locations":[{"start":{"line":138,"column":4},"end":{"line":140,"column":5}},{"start":{},"end":{}}],"line":138},"8":{"loc":{"start":{"line":143,"column":4},"end":{"line":148,"column":5}},"type":"if","locations":[{"start":{"line":143,"column":4},"end":{"line":148,"column":5}},{"start":{},"end":{}}],"line":143}},"s":{"0":1,"1":1,"2":1,"3":1,"4":1,"5":0,"6":0,"7":1,"8":0,"9":0,"10":0,"11":0,"12":0,"13":0,"14":0,"15":0,"16":0,"17":1,"18":0,"19":0,"20":0,"21":0,"22":0,"23":0,"24":0,"25":0,"26":1,"27":0,"28":0,"29":0,"30":0,"31":0,"32":0,"33":1,"34":0,"35":0,"36":0,"37":0,"38":0,"39":0,"40":0,"41":0,"42":0,"43":0,"44":1,"45":0,"46":0,"47":1,"48":0,"49":0,"50":0,"51":0,"52":0,"53":0,"54":0,"55":0},"f":{"0":0,"1":0,"2":0,"3":0,"4":0,"5":0,"6":0,"7":0,"8":0,"9":0,"10":0,"11":0,"12":0},"b":{"0":[0,0],"1":[0,0],"2":[0,0],"3":[0,0],"4":[0,0],"5":[0,0],"6":[0,0],"7":[0,0],"8":[0,0]},"_coverageSchema":"1a1c01bbd47fc00a2c39e90264f33305004495a9","hash":"e26baa36644f4343024d535b8133b43c888788f6"}
,"/home/abouda/Desktop/learn/node/task/controllers/error.js": {"path":"/home/abouda/Desktop/learn/node/task/controllers/error.js","statementMap":{"0":{"start":{"line":1,"column":18},"end":{"line":1,"column":40}},"1":{"start":{"line":3,"column":0},"end":{"line":5,"column":1}},"2":{"start":{"line":4,"column":4},"end":{"line":4,"column":27}},"3":{"start":{"line":7,"column":0},"end":{"line":15,"column":1}},"4":{"start":{"line":9,"column":4},"end":{"line":9,"column":37}},"5":{"start":{"line":10,"column":4},"end":{"line":10,"column":71}},"6":{"start":{"line":13,"column":4},"end":{"line":13,"column":34}},"7":{"start":{"line":14,"column":4},"end":{"line":14,"column":24}}},"fnMap":{"0":{"name":"(anonymous_0)","decl":{"start":{"line":3,"column":17},"end":{"line":3,"column":18}},"loc":{"start":{"line":3,"column":37},"end":{"line":5,"column":1}},"line":3},"1":{"name":"(anonymous_1)","decl":{"start":{"line":7,"column":22},"end":{"line":7,"column":23}},"loc":{"start":{"line":7,"column":47},"end":{"line":15,"column":1}},"line":7}},"branchMap":{"0":{"loc":{"start":{"line":10,"column":23},"end":{"line":10,"column":70}},"type":"cond-expr","locations":[{"start":{"line":10,"column":62},"end":{"line":10,"column":65}},{"start":{"line":10,"column":68},"end":{"line":10,"column":70}}],"line":10},"1":{"loc":{"start":{"line":13,"column":15},"end":{"line":13,"column":32}},"type":"binary-expr","locations":[{"start":{"line":13,"column":15},"end":{"line":13,"column":25}},{"start":{"line":13,"column":29},"end":{"line":13,"column":32}}],"line":13}},"s":{"0":1,"1":1,"2":0,"3":1,"4":0,"5":0,"6":0,"7":0},"f":{"0":0,"1":0},"b":{"0":[0,0],"1":[0,0]},"_coverageSchema":"1a1c01bbd47fc00a2c39e90264f33305004495a9","hash":"3d02b7dc5ae229a90d0a6cbffd48f582a6f9e4d9"}
,"/home/abouda/Desktop/learn/node/task/controllers/index.js": {"path":"/home/abouda/Desktop/learn/node/task/controllers/index.js","statementMap":{"0":{"start":{"line":1,"column":0},"end":{"line":3,"column":1}},"1":{"start":{"line":2,"column":4},"end":{"line":2,"column":75}}},"fnMap":{"0":{"name":"(anonymous_0)","decl":{"start":{"line":1,"column":16},"end":{"line":1,"column":17}},"loc":{"start":{"line":1,"column":41},"end":{"line":3,"column":1}},"line":1}},"branchMap":{"0":{"loc":{"start":{"line":2,"column":33},"end":{"line":2,"column":71}},"type":"binary-expr","locations":[{"start":{"line":2,"column":33},"end":{"line":2,"column":53}},{"start":{"line":2,"column":57},"end":{"line":2,"column":71}}],"line":2}},"s":{"0":1,"1":0},"f":{"0":0},"b":{"0":[0,0]},"_coverageSchema":"1a1c01bbd47fc00a2c39e90264f33305004495a9","hash":"eb38207dea147c2c72994091d68612576287bb9a"}
,"/home/abouda/Desktop/learn/node/task/controllers/user.js": {"path":"/home/abouda/Desktop/learn/node/task/controllers/user.js","statementMap":{"0":{"start":{"line":1,"column":0},"end":{"line":7,"column":1}},"1":{"start":{"line":3,"column":4},"end":{"line":6,"column":7}}},"fnMap":{"0":{"name":"(anonymous_0)","decl":{"start":{"line":1,"column":18},"end":{"line":1,"column":19}},"loc":{"start":{"line":1,"column":38},"end":{"line":7,"column":1}},"line":1}},"branchMap":{},"s":{"0":1,"1":0},"f":{"0":0},"b":{},"_coverageSchema":"1a1c01bbd47fc00a2c39e90264f33305004495a9","hash":"2478c6f577ea7f800038230c1f85be57191b05d4"}
,"/home/abouda/Desktop/learn/node/task/cron/registerCronJobs.js": {"path":"/home/abouda/Desktop/learn/node/task/cron/registerCronJobs.js","statementMap":{"0":{"start":{"line":1,"column":13},"end":{"line":1,"column":33}},"1":{"start":{"line":3,"column":26},"end":{"line":3,"column":59}},"2":{"start":{"line":4,"column":0},"end":{"line":9,"column":2}},"3":{"start":{"line":6,"column":4},"end":{"line":8,"column":7}},"4":{"start":{"line":7,"column":8},"end":{"line":7,"column":53}}},"fnMap":{"0":{"name":"(anonymous_0)","decl":{"start":{"line":4,"column":27},"end":{"line":4,"column":28}},"loc":{"start":{"line":4,"column":33},"end":{"line":9,"column":1}},"line":4},"1":{"name":"(anonymous_1)","decl":{"start":{"line":6,"column":35},"end":{"line":6,"column":36}},"loc":{"start":{"line":6,"column":41},"end":{"line":8,"column":5}},"line":6}},"branchMap":{},"s":{"0":1,"1":1,"2":1,"3":1,"4":0},"f":{"0":1,"1":0},"b":{},"_coverageSchema":"1a1c01bbd47fc00a2c39e90264f33305004495a9","hash":"6c7e4ef7d964339da26d8665e4c2bd85eb5236c9"}
,"/home/abouda/Desktop/learn/node/task/cron/jobs/domainsDownTime.js": {"path":"/home/abouda/Desktop/learn/node/task/cron/jobs/domainsDownTime.js","statementMap":{"0":{"start":{"line":1,"column":15},"end":{"line":1,"column":45}},"1":{"start":{"line":2,"column":14},"end":{"line":2,"column":30}},"2":{"start":{"line":3,"column":13},"end":{"line":3,"column":41}},"3":{"start":{"line":4,"column":15},"end":{"line":4,"column":32}},"4":{"start":{"line":5,"column":23},"end":{"line":5,"column":61}},"5":{"start":{"line":6,"column":16},"end":{"line":6,"column":48}},"6":{"start":{"line":7,"column":0},"end":{"line":7,"column":26}},"7":{"start":{"line":11,"column":0},"end":{"line":32,"column":1}},"8":{"start":{"line":12,"column":18},"end":{"line":18,"column":6}},"9":{"start":{"line":19,"column":4},"end":{"line":31,"column":7}},"10":{"start":{"line":20,"column":8},"end":{"line":30,"column":14}},"11":{"start":{"line":22,"column":16},"end":{"line":26,"column":17}},"12":{"start":{"line":23,"column":20},"end":{"line":23,"column":38}},"13":{"start":{"line":25,"column":20},"end":{"line":25,"column":40}},"14":{"start":{"line":29,"column":16},"end":{"line":29,"column":36}},"15":{"start":{"line":35,"column":25},"end":{"line":40,"column":6}},"16":{"start":{"line":42,"column":4},"end":{"line":48,"column":5}},"17":{"start":{"line":43,"column":8},"end":{"line":47,"column":72}},"18":{"start":{"line":52,"column":16},"end":{"line":52,"column":102}},"19":{"start":{"line":53,"column":4},"end":{"line":63,"column":5}},"20":{"start":{"line":54,"column":8},"end":{"line":54,"column":77}},"21":{"start":{"line":55,"column":8},"end":{"line":55,"column":21}},"22":{"start":{"line":56,"column":8},"end":{"line":62,"column":80}},"23":{"start":{"line":67,"column":4},"end":{"line":69,"column":5}},"24":{"start":{"line":68,"column":8},"end":{"line":68,"column":30}},"25":{"start":{"line":70,"column":4},"end":{"line":70,"column":15}}},"fnMap":{"0":{"name":"(anonymous_0)","decl":{"start":{"line":11,"column":36},"end":{"line":11,"column":37}},"loc":{"start":{"line":11,"column":47},"end":{"line":32,"column":1}},"line":11},"1":{"name":"(anonymous_1)","decl":{"start":{"line":19,"column":20},"end":{"line":19,"column":21}},"loc":{"start":{"line":19,"column":30},"end":{"line":31,"column":5}},"line":19},"2":{"name":"(anonymous_2)","decl":{"start":{"line":21,"column":18},"end":{"line":21,"column":19}},"loc":{"start":{"line":21,"column":25},"end":{"line":27,"column":13}},"line":21},"3":{"name":"(anonymous_3)","decl":{"start":{"line":28,"column":19},"end":{"line":28,"column":20}},"loc":{"start":{"line":28,"column":26},"end":{"line":30,"column":13}},"line":28},"4":{"name":"domainIsDown","decl":{"start":{"line":34,"column":15},"end":{"line":34,"column":27}},"loc":{"start":{"line":34,"column":36},"end":{"line":49,"column":1}},"line":34},"5":{"name":"domainIsUp","decl":{"start":{"line":51,"column":15},"end":{"line":51,"column":25}},"loc":{"start":{"line":51,"column":34},"end":{"line":64,"column":1}},"line":51},"6":{"name":"addhttp","decl":{"start":{"line":66,"column":9},"end":{"line":66,"column":16}},"loc":{"start":{"line":66,"column":22},"end":{"line":71,"column":1}},"line":66}},"branchMap":{"0":{"loc":{"start":{"line":22,"column":16},"end":{"line":26,"column":17}},"type":"if","locations":[{"start":{"line":22,"column":16},"end":{"line":26,"column":17}},{"start":{"line":24,"column":23},"end":{"line":26,"column":17}}],"line":22},"1":{"loc":{"start":{"line":42,"column":4},"end":{"line":48,"column":5}},"type":"if","locations":[{"start":{"line":42,"column":4},"end":{"line":48,"column":5}},{"start":{},"end":{}}],"line":42},"2":{"loc":{"start":{"line":53,"column":4},"end":{"line":63,"column":5}},"type":"if","locations":[{"start":{"line":53,"column":4},"end":{"line":63,"column":5}},{"start":{},"end":{}}],"line":53},"3":{"loc":{"start":{"line":67,"column":4},"end":{"line":69,"column":5}},"type":"if","locations":[{"start":{"line":67,"column":4},"end":{"line":69,"column":5}},{"start":{},"end":{}}],"line":67}},"s":{"0":1,"1":1,"2":1,"3":1,"4":1,"5":1,"6":1,"7":1,"8":0,"9":0,"10":0,"11":0,"12":0,"13":0,"14":0,"15":0,"16":0,"17":0,"18":0,"19":0,"20":0,"21":0,"22":0,"23":0,"24":0,"25":0},"f":{"0":0,"1":0,"2":0,"3":0,"4":0,"5":0,"6":0},"b":{"0":[0,0],"1":[0,0],"2":[0,0],"3":[0,0]},"_coverageSchema":"1a1c01bbd47fc00a2c39e90264f33305004495a9","hash":"ff6ae275bf02ec48a31bf8c39a7a6009bed5ce32"}
,"/home/abouda/Desktop/learn/node/task/helpers/helpers.js": {"path":"/home/abouda/Desktop/learn/node/task/helpers/helpers.js","statementMap":{"0":{"start":{"line":1,"column":15},"end":{"line":1,"column":32}},"1":{"start":{"line":3,"column":0},"end":{"line":8,"column":1}},"2":{"start":{"line":4,"column":4},"end":{"line":7,"column":7}},"3":{"start":{"line":10,"column":0},"end":{"line":18,"column":1}},"4":{"start":{"line":11,"column":4},"end":{"line":17,"column":7}},"5":{"start":{"line":20,"column":0},"end":{"line":22,"column":1}},"6":{"start":{"line":21,"column":4},"end":{"line":21,"column":61}}},"fnMap":{"0":{"name":"(anonymous_0)","decl":{"start":{"line":3,"column":31},"end":{"line":3,"column":32}},"loc":{"start":{"line":3,"column":48},"end":{"line":8,"column":1}},"line":3},"1":{"name":"(anonymous_1)","decl":{"start":{"line":10,"column":23},"end":{"line":10,"column":24}},"loc":{"start":{"line":10,"column":66},"end":{"line":18,"column":1}},"line":10},"2":{"name":"(anonymous_2)","decl":{"start":{"line":20,"column":21},"end":{"line":20,"column":22}},"loc":{"start":{"line":20,"column":44},"end":{"line":22,"column":1}},"line":20}},"branchMap":{"0":{"loc":{"start":{"line":20,"column":27},"end":{"line":20,"column":39}},"type":"default-arg","locations":[{"start":{"line":20,"column":34},"end":{"line":20,"column":39}}],"line":20}},"s":{"0":1,"1":1,"2":0,"3":1,"4":0,"5":1,"6":0},"f":{"0":0,"1":0,"2":0},"b":{"0":[0]},"_coverageSchema":"1a1c01bbd47fc00a2c39e90264f33305004495a9","hash":"8d694f3909676de0fa40e6997594b8fe275ca905"}
,"/home/abouda/Desktop/learn/node/task/middleware/authenticateToken.js": {"path":"/home/abouda/Desktop/learn/node/task/middleware/authenticateToken.js","statementMap":{"0":{"start":{"line":1,"column":12},"end":{"line":1,"column":35}},"1":{"start":{"line":2,"column":13},"end":{"line":2,"column":38}},"2":{"start":{"line":3,"column":0},"end":{"line":3,"column":27}},"3":{"start":{"line":7,"column":23},"end":{"line":7,"column":51}},"4":{"start":{"line":8,"column":18},"end":{"line":8,"column":56}},"5":{"start":{"line":10,"column":4},"end":{"line":10,"column":49}},"6":{"start":{"line":10,"column":23},"end":{"line":10,"column":49}},"7":{"start":{"line":12,"column":4},"end":{"line":21,"column":6}},"8":{"start":{"line":14,"column":8},"end":{"line":14,"column":43}},"9":{"start":{"line":14,"column":17},"end":{"line":14,"column":43}},"10":{"start":{"line":16,"column":8},"end":{"line":19,"column":11}},"11":{"start":{"line":17,"column":12},"end":{"line":17,"column":29}},"12":{"start":{"line":18,"column":12},"end":{"line":18,"column":18}},"13":{"start":{"line":23,"column":0},"end":{"line":23,"column":35}}},"fnMap":{"0":{"name":"authenticateToken","decl":{"start":{"line":6,"column":9},"end":{"line":6,"column":26}},"loc":{"start":{"line":6,"column":43},"end":{"line":22,"column":1}},"line":6},"1":{"name":"(anonymous_1)","decl":{"start":{"line":12,"column":45},"end":{"line":12,"column":46}},"loc":{"start":{"line":12,"column":60},"end":{"line":21,"column":5}},"line":12},"2":{"name":"(anonymous_2)","decl":{"start":{"line":16,"column":60},"end":{"line":16,"column":61}},"loc":{"start":{"line":16,"column":70},"end":{"line":19,"column":9}},"line":16}},"branchMap":{"0":{"loc":{"start":{"line":8,"column":18},"end":{"line":8,"column":56}},"type":"binary-expr","locations":[{"start":{"line":8,"column":18},"end":{"line":8,"column":28}},{"start":{"line":8,"column":32},"end":{"line":8,"column":56}}],"line":8},"1":{"loc":{"start":{"line":10,"column":4},"end":{"line":10,"column":49}},"type":"if","locations":[{"start":{"line":10,"column":4},"end":{"line":10,"column":49}},{"start":{},"end":{}}],"line":10},"2":{"loc":{"start":{"line":14,"column":8},"end":{"line":14,"column":43}},"type":"if","locations":[{"start":{"line":14,"column":8},"end":{"line":14,"column":43}},{"start":{},"end":{}}],"line":14}},"s":{"0":1,"1":1,"2":1,"3":0,"4":0,"5":0,"6":0,"7":0,"8":0,"9":0,"10":0,"11":0,"12":0,"13":1},"f":{"0":0,"1":0,"2":0},"b":{"0":[0,0],"1":[0,0],"2":[0,0]},"_coverageSchema":"1a1c01bbd47fc00a2c39e90264f33305004495a9","hash":"5f8bfbb4200b1cf0238453a73f4837db35804c4c"}
,"/home/abouda/Desktop/learn/node/task/models/DomainDownTime.js": {"path":"/home/abouda/Desktop/learn/node/task/models/DomainDownTime.js","statementMap":{"0":{"start":{"line":1,"column":18},"end":{"line":1,"column":38}},"1":{"start":{"line":3,"column":18},"end":{"line":3,"column":47}},"2":{"start":{"line":5,"column":23},"end":{"line":18,"column":2}},"3":{"start":{"line":19,"column":0},"end":{"line":19,"column":37}},"4":{"start":{"line":20,"column":0},"end":{"line":20,"column":32}}},"fnMap":{},"branchMap":{},"s":{"0":1,"1":1,"2":1,"3":1,"4":1},"f":{},"b":{},"_coverageSchema":"1a1c01bbd47fc00a2c39e90264f33305004495a9","hash":"d824312cb5dcffc2ab4875ac5dea80b6a939545e"}
,"/home/abouda/Desktop/learn/node/task/models/domain.js": {"path":"/home/abouda/Desktop/learn/node/task/models/domain.js","statementMap":{"0":{"start":{"line":1,"column":18},"end":{"line":1,"column":38}},"1":{"start":{"line":3,"column":18},"end":{"line":3,"column":47}},"2":{"start":{"line":5,"column":15},"end":{"line":24,"column":2}},"3":{"start":{"line":26,"column":0},"end":{"line":26,"column":24}}},"fnMap":{},"branchMap":{},"s":{"0":1,"1":1,"2":1,"3":1},"f":{},"b":{},"_coverageSchema":"1a1c01bbd47fc00a2c39e90264f33305004495a9","hash":"8620cbadb1ce5535bc063b0a90a21985faa0bcf8"}
,"/home/abouda/Desktop/learn/node/task/models/user.js": {"path":"/home/abouda/Desktop/learn/node/task/models/user.js","statementMap":{"0":{"start":{"line":1,"column":18},"end":{"line":1,"column":38}},"1":{"start":{"line":3,"column":18},"end":{"line":3,"column":47}},"2":{"start":{"line":5,"column":13},"end":{"line":37,"column":2}},"3":{"start":{"line":39,"column":0},"end":{"line":39,"column":22}}},"fnMap":{},"branchMap":{},"s":{"0":1,"1":1,"2":1,"3":1},"f":{},"b":{},"_coverageSchema":"1a1c01bbd47fc00a2c39e90264f33305004495a9","hash":"6d8aa4f843ae6510f132e1c05a9d3f145adc71cf"}
,"/home/abouda/Desktop/learn/node/task/routes/auth.js": {"path":"/home/abouda/Desktop/learn/node/task/routes/auth.js","statementMap":{"0":{"start":{"line":1,"column":14},"end":{"line":1,"column":32}},"1":{"start":{"line":2,"column":13},"end":{"line":2,"column":29}},"2":{"start":{"line":3,"column":23},"end":{"line":3,"column":53}},"3":{"start":{"line":4,"column":17},"end":{"line":4,"column":45}},"4":{"start":{"line":5,"column":13},"end":{"line":5,"column":38}},"5":{"start":{"line":8,"column":0},"end":{"line":11,"column":26}},"6":{"start":{"line":13,"column":0},"end":{"line":13,"column":51}},"7":{"start":{"line":15,"column":0},"end":{"line":25,"column":33}},"8":{"start":{"line":20,"column":8},"end":{"line":24,"column":14}},"9":{"start":{"line":22,"column":16},"end":{"line":23,"column":64}},"10":{"start":{"line":23,"column":20},"end":{"line":23,"column":64}},"11":{"start":{"line":27,"column":0},"end":{"line":27,"column":24}}},"fnMap":{"0":{"name":"(anonymous_0)","decl":{"start":{"line":19,"column":12},"end":{"line":19,"column":13}},"loc":{"start":{"line":19,"column":21},"end":{"line":25,"column":5}},"line":19},"1":{"name":"(anonymous_1)","decl":{"start":{"line":21,"column":18},"end":{"line":21,"column":19}},"loc":{"start":{"line":21,"column":30},"end":{"line":24,"column":13}},"line":21}},"branchMap":{"0":{"loc":{"start":{"line":22,"column":16},"end":{"line":23,"column":64}},"type":"if","locations":[{"start":{"line":22,"column":16},"end":{"line":23,"column":64}},{"start":{},"end":{}}],"line":22}},"s":{"0":1,"1":1,"2":1,"3":1,"4":1,"5":1,"6":1,"7":1,"8":0,"9":0,"10":0,"11":1},"f":{"0":0,"1":0},"b":{"0":[0,0]},"_coverageSchema":"1a1c01bbd47fc00a2c39e90264f33305004495a9","hash":"ec8c865962c39fd686c8773c3143197b7856bd4a"}
,"/home/abouda/Desktop/learn/node/task/routes/domains.js": {"path":"/home/abouda/Desktop/learn/node/task/routes/domains.js","statementMap":{"0":{"start":{"line":1,"column":14},"end":{"line":1,"column":32}},"1":{"start":{"line":2,"column":13},"end":{"line":2,"column":29}},"2":{"start":{"line":3,"column":25},"end":{"line":3,"column":57}},"3":{"start":{"line":4,"column":24},"end":{"line":4,"column":52}},"4":{"start":{"line":5,"column":15},"end":{"line":5,"column":42}},"5":{"start":{"line":9,"column":0},"end":{"line":9,"column":39}},"6":{"start":{"line":11,"column":0},"end":{"line":21,"column":29}},"7":{"start":{"line":15,"column":8},"end":{"line":19,"column":14}},"8":{"start":{"line":17,"column":16},"end":{"line":18,"column":62}},"9":{"start":{"line":18,"column":20},"end":{"line":18,"column":62}},"10":{"start":{"line":23,"column":0},"end":{"line":25,"column":29}},"11":{"start":{"line":27,"column":0},"end":{"line":29,"column":27}},"12":{"start":{"line":31,"column":0},"end":{"line":31,"column":52}},"13":{"start":{"line":33,"column":0},"end":{"line":37,"column":29}},"14":{"start":{"line":39,"column":0},"end":{"line":42,"column":44}},"15":{"start":{"line":44,"column":0},"end":{"line":44,"column":24}}},"fnMap":{"0":{"name":"(anonymous_0)","decl":{"start":{"line":14,"column":12},"end":{"line":14,"column":13}},"loc":{"start":{"line":14,"column":21},"end":{"line":20,"column":5}},"line":14},"1":{"name":"(anonymous_1)","decl":{"start":{"line":16,"column":18},"end":{"line":16,"column":19}},"loc":{"start":{"line":16,"column":30},"end":{"line":19,"column":13}},"line":16}},"branchMap":{"0":{"loc":{"start":{"line":17,"column":16},"end":{"line":18,"column":62}},"type":"if","locations":[{"start":{"line":17,"column":16},"end":{"line":18,"column":62}},{"start":{},"end":{}}],"line":17}},"s":{"0":1,"1":1,"2":1,"3":1,"4":1,"5":1,"6":1,"7":0,"8":0,"9":0,"10":1,"11":1,"12":1,"13":1,"14":1,"15":1},"f":{"0":0,"1":0},"b":{"0":[0,0]},"_coverageSchema":"1a1c01bbd47fc00a2c39e90264f33305004495a9","hash":"5f2bfd7fb944405eebaf1e333d748f5f9a6708b6"}
,"/home/abouda/Desktop/learn/node/task/routes/index.js": {"path":"/home/abouda/Desktop/learn/node/task/routes/index.js","statementMap":{"0":{"start":{"line":1,"column":14},"end":{"line":1,"column":32}},"1":{"start":{"line":2,"column":13},"end":{"line":2,"column":29}},"2":{"start":{"line":3,"column":24},"end":{"line":3,"column":55}},"3":{"start":{"line":6,"column":0},"end":{"line":6,"column":39}},"4":{"start":{"line":8,"column":0},"end":{"line":8,"column":24}}},"fnMap":{},"branchMap":{},"s":{"0":1,"1":1,"2":1,"3":1,"4":1},"f":{},"b":{},"_coverageSchema":"1a1c01bbd47fc00a2c39e90264f33305004495a9","hash":"ef346b30580dbc15b340807a92a2f4f5ad35a757"}
,"/home/abouda/Desktop/learn/node/task/routes/users.js": {"path":"/home/abouda/Desktop/learn/node/task/routes/users.js","statementMap":{"0":{"start":{"line":1,"column":14},"end":{"line":1,"column":32}},"1":{"start":{"line":2,"column":13},"end":{"line":2,"column":29}},"2":{"start":{"line":3,"column":23},"end":{"line":3,"column":53}},"3":{"start":{"line":6,"column":0},"end":{"line":6,"column":47}},"4":{"start":{"line":8,"column":0},"end":{"line":8,"column":24}}},"fnMap":{},"branchMap":{},"s":{"0":1,"1":1,"2":1,"3":1,"4":1},"f":{},"b":{},"_coverageSchema":"1a1c01bbd47fc00a2c39e90264f33305004495a9","hash":"b415703dfe8d85f6342e58141fd66a18b4e5395b"}
,"/home/abouda/Desktop/learn/node/task/util/connection.js": {"path":"/home/abouda/Desktop/learn/node/task/util/connection.js","statementMap":{"0":{"start":{"line":1,"column":18},"end":{"line":1,"column":38}},"1":{"start":{"line":2,"column":0},"end":{"line":2,"column":27}},"2":{"start":{"line":4,"column":18},"end":{"line":13,"column":6}},"3":{"start":{"line":16,"column":0},"end":{"line":16,"column":27}}},"fnMap":{},"branchMap":{},"s":{"0":1,"1":1,"2":1,"3":1},"f":{},"b":{},"_coverageSchema":"1a1c01bbd47fc00a2c39e90264f33305004495a9","hash":"0ce8983ec304e38fc1ac9e2faf26e6e8f5c04c79"}
,"/home/abouda/Desktop/learn/node/task/util/emailInit.js": {"path":"/home/abouda/Desktop/learn/node/task/util/emailInit.js","statementMap":{"0":{"start":{"line":1,"column":19},"end":{"line":1,"column":40}},"1":{"start":{"line":2,"column":13},"end":{"line":2,"column":28}},"2":{"start":{"line":3,"column":12},"end":{"line":3,"column":52}},"3":{"start":{"line":4,"column":25},"end":{"line":4,"column":64}},"4":{"start":{"line":6,"column":0},"end":{"line":6,"column":27}},"5":{"start":{"line":8,"column":0},"end":{"line":28,"column":1}},"6":{"start":{"line":9,"column":4},"end":{"line":16,"column":7}},"7":{"start":{"line":18,"column":30},"end":{"line":26,"column":5}},"8":{"start":{"line":27,"column":4},"end":{"line":27,"column":48}}},"fnMap":{"0":{"name":"(anonymous_0)","decl":{"start":{"line":8,"column":21},"end":{"line":8,"column":22}},"loc":{"start":{"line":8,"column":27},"end":{"line":28,"column":1}},"line":8}},"branchMap":{},"s":{"0":1,"1":1,"2":1,"3":1,"4":1,"5":1,"6":1,"7":1,"8":1},"f":{"0":1},"b":{},"_coverageSchema":"1a1c01bbd47fc00a2c39e90264f33305004495a9","hash":"3c2d6641140ed4a96826c4e8c2d1ae2631cb0473"}
,"/home/abouda/Desktop/learn/node/task/util/syncTables.js": {"path":"/home/abouda/Desktop/learn/node/task/util/syncTables.js","statementMap":{"0":{"start":{"line":1,"column":18},"end":{"line":1,"column":47}},"1":{"start":{"line":2,"column":15},"end":{"line":2,"column":42}},"2":{"start":{"line":3,"column":13},"end":{"line":3,"column":38}},"3":{"start":{"line":4,"column":23},"end":{"line":4,"column":58}},"4":{"start":{"line":5,"column":0},"end":{"line":5,"column":27}},"5":{"start":{"line":9,"column":0},"end":{"line":24,"column":1}},"6":{"start":{"line":11,"column":4},"end":{"line":14,"column":7}},"7":{"start":{"line":16,"column":4},"end":{"line":16,"column":25}},"8":{"start":{"line":17,"column":4},"end":{"line":17,"column":35}},"9":{"start":{"line":18,"column":4},"end":{"line":21,"column":7}},"10":{"start":{"line":23,"column":4},"end":{"line":23,"column":55}}},"fnMap":{"0":{"name":"(anonymous_0)","decl":{"start":{"line":9,"column":21},"end":{"line":9,"column":22}},"loc":{"start":{"line":9,"column":27},"end":{"line":24,"column":1}},"line":9}},"branchMap":{},"s":{"0":1,"1":1,"2":1,"3":1,"4":1,"5":1,"6":1,"7":1,"8":1,"9":1,"10":1},"f":{"0":1},"b":{},"_coverageSchema":"1a1c01bbd47fc00a2c39e90264f33305004495a9","hash":"a96debf48232eba9574a7f40bc54a2a95c5641ee"}
}
